<?xml version="1.0" encoding="UTF-8"?>
<!-- Generated by org.testng.reporters.JUnitXMLReporter -->
<testsuite ignored="0" hostname="DESKTOP-0U53EI1" failures="1" tests="2" name="Entering user and pass" time="16.779" errors="0" timestamp="2020-04-08T14:42:25 EDT">
  <testcase classname="Academy.HomePageNavigation" name="basePageNavigation" time="10.203"/>
  <testcase classname="Academy.HomePageNavigation" name="basePageNavigation" time="10.208">
    <failure type="java.lang.NullPointerException">
      <![CDATA[java.lang.NullPointerException
at resourses.Base.getScreenshot(Base.java:51)
at Academy.listeners.onTestSuccess(listeners.java:25)
at java.base/java.util.ArrayList.forEach(ArrayList.java:1507)
at java.base/java.util.concurrent.FutureTask.run(FutureTask.java:264)
at java.base/java.util.concurrent.ThreadPoolExecutor.runWorker(ThreadPoolExecutor.java:1128)
at java.base/java.util.concurrent.ThreadPoolExecutor$Worker.run(ThreadPoolExecutor.java:628)
at java.base/java.lang.Thread.run(Thread.java:830)
... Removed 15 stack frames]]>
    </failure>
  </testcase> <!-- basePageNavigation -->
</testsuite> <!-- Entering user and pass -->
