<?xml version="1.0" encoding="UTF-8"?>
<!-- Generated by org.testng.reporters.JUnitXMLReporter -->
<testsuite ignored="0" hostname="DESKTOP-0U53EI1" failures="0" tests="3" name="Test" time="41.526" errors="0" timestamp="2020-04-01T13:40:13 EDT">
  <testcase classname="Academy.ValidateText" name="basePageNavigation" time="0.149"/>
  <testcase classname="Academy.HomePageNavigation" name="basePageNavigation" time="9.852"/>
  <testcase classname="Academy.HomePageNavigation" name="basePageNavigation" time="11.752"/>
</testsuite> <!-- Test -->
