<?xml version="1.0" encoding="UTF-8"?>
<!-- Generated by org.testng.reporters.JUnitXMLReporter -->
<testsuite ignored="0" hostname="DESKTOP-0U53EI1" failures="0" tests="3" name="Test" time="36.576" errors="0" timestamp="2020-04-01T17:16:08 EDT">
  <testcase classname="Academy.ValidateText" name="basePageNavigation" time="0.319"/>
  <testcase classname="Academy.HomePageNavigation" name="basePageNavigation" time="12.748"/>
  <testcase classname="Academy.HomePageNavigation" name="basePageNavigation" time="7.733"/>
</testsuite> <!-- Test -->
