<?xml version="1.0" encoding="UTF-8"?>
<testng-results ignored="0" total="5" passed="5" failed="0" skipped="0">
  <reporter-output>
  </reporter-output>
  <suite started-at="2020-04-08T14:46:22 EDT" name="Suite" finished-at="2020-04-08T14:47:03 EDT" duration-ms="40520">
    <groups>
    </groups>
    <test started-at="2020-04-08T14:46:22 EDT" name="AppTest" finished-at="2020-04-08T14:46:22 EDT" duration-ms="4">
    </test> <!-- AppTest -->
    <test started-at="2020-04-08T14:46:22 EDT" name="Validating text in login page" finished-at="2020-04-08T14:46:33 EDT" duration-ms="10416">
      <class name="Academy.ValidateText">
        <test-method is-config="true" signature="innitialize()[pri:0, instance:Academy.ValidateText@555cf22]" started-at="2020-04-08T14:46:22 EDT" name="innitialize" finished-at="2020-04-08T14:46:31 EDT" duration-ms="8621" status="PASS">
          <reporter-output>
          </reporter-output>
        </test-method> <!-- innitialize -->
        <test-method signature="HeaderValidation()[pri:0, instance:Academy.ValidateText@555cf22]" started-at="2020-04-08T14:46:31 EDT" name="HeaderValidation" finished-at="2020-04-08T14:46:31 EDT" duration-ms="75" status="PASS">
          <reporter-output>
          </reporter-output>
        </test-method> <!-- HeaderValidation -->
        <test-method signature="basePage()[pri:0, instance:Academy.ValidateText@555cf22]" started-at="2020-04-08T14:46:32 EDT" name="basePage" finished-at="2020-04-08T14:46:32 EDT" duration-ms="183" status="PASS">
          <reporter-output>
          </reporter-output>
        </test-method> <!-- basePage -->
        <test-method is-config="true" signature="teardown()[pri:0, instance:Academy.ValidateText@555cf22]" started-at="2020-04-08T14:46:33 EDT" name="teardown" finished-at="2020-04-08T14:46:33 EDT" duration-ms="121" status="PASS">
          <reporter-output>
          </reporter-output>
        </test-method> <!-- teardown -->
      </class> <!-- Academy.ValidateText -->
    </test> <!-- Validating text in login page -->
    <test started-at="2020-04-08T14:46:33 EDT" name="Clicking on home link" finished-at="2020-04-08T14:46:45 EDT" duration-ms="12759">
      <class name="Academy.Clickonlink">
        <test-method is-config="true" signature="innitialize()[pri:0, instance:Academy.Clickonlink@2e61d218]" started-at="2020-04-08T14:46:33 EDT" name="innitialize" finished-at="2020-04-08T14:46:38 EDT" duration-ms="5124" status="PASS">
          <reporter-output>
          </reporter-output>
        </test-method> <!-- innitialize -->
        <test-method signature="clicklink()[pri:0, instance:Academy.Clickonlink@2e61d218]" started-at="2020-04-08T14:46:38 EDT" name="clicklink" finished-at="2020-04-08T14:46:45 EDT" duration-ms="7131" status="PASS">
          <reporter-output>
          </reporter-output>
        </test-method> <!-- clicklink -->
        <test-method is-config="true" signature="teardown()[pri:0, instance:Academy.Clickonlink@2e61d218]" started-at="2020-04-08T14:46:45 EDT" name="teardown" finished-at="2020-04-08T14:46:45 EDT" duration-ms="82" status="PASS">
          <reporter-output>
          </reporter-output>
        </test-method> <!-- teardown -->
      </class> <!-- Academy.Clickonlink -->
    </test> <!-- Clicking on home link -->
    <test started-at="2020-04-08T14:46:45 EDT" name="Entering user and pass" finished-at="2020-04-08T14:47:03 EDT" duration-ms="17286">
      <class name="Academy.HomePageNavigation">
        <test-method is-config="true" signature="innitialize()[pri:0, instance:Academy.HomePageNavigation@aafcffa]" started-at="2020-04-08T14:46:45 EDT" name="innitialize" finished-at="2020-04-08T14:46:51 EDT" duration-ms="5116" status="PASS">
          <reporter-output>
          </reporter-output>
        </test-method> <!-- innitialize -->
        <test-method signature="basePageNavigation(java.lang.String, java.lang.String)[pri:0, instance:Academy.HomePageNavigation@aafcffa]" started-at="2020-04-08T14:46:51 EDT" name="basePageNavigation" data-provider="getData" finished-at="2020-04-08T14:46:58 EDT" duration-ms="7572" status="PASS">
          <params>
            <param index="0">
              <value>
                <![CDATA[abc@gmail.com]]>
              </value>
            </param>
            <param index="1">
              <value>
                <![CDATA[1234]]>
              </value>
            </param>
          </params>
          <reporter-output>
          </reporter-output>
        </test-method> <!-- basePageNavigation -->
        <test-method signature="basePageNavigation(java.lang.String, java.lang.String)[pri:0, instance:Academy.HomePageNavigation@aafcffa]" started-at="2020-04-08T14:46:58 EDT" name="basePageNavigation" data-provider="getData" finished-at="2020-04-08T14:47:02 EDT" duration-ms="3774" status="PASS">
          <params>
            <param index="0">
              <value>
                <![CDATA[mno@gmail.com]]>
              </value>
            </param>
            <param index="1">
              <value>
                <![CDATA[6789]]>
              </value>
            </param>
          </params>
          <reporter-output>
          </reporter-output>
        </test-method> <!-- basePageNavigation -->
        <test-method is-config="true" signature="teardown()[pri:0, instance:Academy.HomePageNavigation@aafcffa]" started-at="2020-04-08T14:47:03 EDT" name="teardown" finished-at="2020-04-08T14:47:03 EDT" duration-ms="80" status="PASS">
          <reporter-output>
          </reporter-output>
        </test-method> <!-- teardown -->
      </class> <!-- Academy.HomePageNavigation -->
    </test> <!-- Entering user and pass -->
  </suite> <!-- Suite -->
</testng-results>
